<?xml version="1.0" encoding="UTF-8"?>
<!-- Generated by org.testng.reporters.JUnitXMLReporter -->
<testsuite ignored="0" hostname="DESKTOP-0ATAG9T" failures="1" tests="2" name="ChromeTest" time="10.029" errors="0" timestamp="2023-03-18T19:03:25 IST">
  <testcase classname="testpack.CrossBrowserVerifySignUpPage" name="verifySignUpPage" time="2.519"/>
  <testcase classname="testpack.CrossBrowserVerifySignUpPage" name="verifyLoginPage" time="2.372">
    <failure type="java.lang.AssertionError" message="expected [Facebook � log in or sign up ] but found [Facebook – log in or sign up]">
      <![CDATA[java.lang.AssertionError: expected [Facebook � log in or sign up ] but found [Facebook – log in or sign up]
at testpack.CrossBrowserVerifySignUpPage.verifyLoginPage(CrossBrowserVerifySignUpPage.java:130)
at java.base/java.util.ArrayList.forEach(ArrayList.java:1511)
... Removed 31 stack frames]]>
    </failure>
  </testcase> <!-- verifyLoginPage -->
</testsuite> <!-- ChromeTest -->
