<html>
<head>
<title>TestNG:  Test</title>
<link href="../testng.css" rel="stylesheet" type="text/css" />
<link href="../my-testng.css" rel="stylesheet" type="text/css" />

<style type="text/css">
.log { display: none;} 
.stack-trace { display: none;} 
</style>
<script type="text/javascript">
<!--
function flip(e) {
  current = e.style.display;
  if (current == 'block') {
    e.style.display = 'none';
    return 0;
  }
  else {
    e.style.display = 'block';
    return 1;
  }
}

function toggleBox(szDivId, elem, msg1, msg2)
{
  var res = -1;  if (document.getElementById) {
    res = flip(document.getElementById(szDivId));
  }
  else if (document.all) {
    // this is the way old msie versions work
    res = flip(document.all[szDivId]);
  }
  if(elem) {
    if(res == 0) elem.innerHTML = msg1; else elem.innerHTML = msg2;
  }

}

function toggleAllBoxes() {
  if (document.getElementsByTagName) {
    d = document.getElementsByTagName('div');
    for (i = 0; i < d.length; i++) {
      if (d[i].className == 'log') {
        flip(d[i]);
      }
    }
  }
}

// -->
</script>

</head>
<body>
<h2 align='center'>Test</h2><table border='1' align="center">
<tr>
<td>Tests passed/Failed/Skipped:</td><td>0/0/8</td>
</tr><tr>
<td>Started on:</td><td>Wed Mar 15 20:15:02 IST 2023</td>
</tr>
<tr><td>Total time:</td><td>0 seconds (166 ms)</td>
</tr><tr>
<td>Included groups:</td><td></td>
</tr><tr>
<td>Excluded groups:</td><td></td>
</tr>
</table><p/>
<small><i>(Hover the method name to see the test class name)</i></small><p/>
<table width='100%' border='1' class='invocation-failed'>
<tr><td colspan='4' align='center'><b>FAILED CONFIGURATIONS</b></td></tr>
<tr><td><b>Test method</b></td>
<td width="30%"><b>Exception</b></td>
<td width="10%"><b>Time (seconds)</b></td>
<td><b>Instance</b></td>
</tr>
<tr>
<td title='testpack.VerifySignUpPage.lanuchTheBrowser()'><b>lanuchTheBrowser</b><br>Test class: testpack.VerifySignUpPage</td>
<td><div><pre>org.testng.TestNGException: 
Parameter &apos;broswer&apos; is required by BeforeTest on method lanuchTheBrowser but has not been marked @Optional or defined
in C:\Users\chama\OneDrive\Desktop\recording\WFacebook\testng.xml
... Removed 21 stack frames</pre></div><a href='#' onClick='toggleBox("stack-trace1864230087", this, "Click to show all stack frames", "Click to hide stack frames")'>Click to show all stack frames</a>
<div class='stack-trace' id='stack-trace1864230087'><pre>org.testng.TestNGException: 
Parameter &apos;broswer&apos; is required by BeforeTest on method lanuchTheBrowser but has not been marked @Optional or defined
in C:\Users\chama\OneDrive\Desktop\recording\WFacebook\testng.xml
	at org.testng.internal.Parameters.createParams(Parameters.java:270)
	at org.testng.internal.Parameters.createParametersForMethod(Parameters.java:358)
	at org.testng.internal.Parameters.createParameters(Parameters.java:700)
	at org.testng.internal.Parameters.createConfigurationParameters(Parameters.java:168)
	at org.testng.internal.ConfigInvoker.invokeConfigurations(ConfigInvoker.java:302)
	at org.testng.TestRunner.invokeTestConfigurations(TestRunner.java:637)
	at org.testng.TestRunner.beforeRun(TestRunner.java:627)
	at org.testng.TestRunner.run(TestRunner.java:589)
	at org.testng.SuiteRunner.runTest(SuiteRunner.java:377)
	at org.testng.SuiteRunner.runSequentially(SuiteRunner.java:371)
	at org.testng.SuiteRunner.privateRun(SuiteRunner.java:332)
	at org.testng.SuiteRunner.run(SuiteRunner.java:276)
	at org.testng.SuiteRunnerWorker.runSuite(SuiteRunnerWorker.java:53)
	at org.testng.SuiteRunnerWorker.run(SuiteRunnerWorker.java:96)
	at org.testng.TestNG.runSuitesSequentially(TestNG.java:1212)
	at org.testng.TestNG.runSuitesLocally(TestNG.java:1134)
	at org.testng.TestNG.runSuites(TestNG.java:1063)
	at org.testng.TestNG.run(TestNG.java:1031)
	at org.testng.remote.AbstractRemoteTestNG.run(AbstractRemoteTestNG.java:115)
	at org.testng.remote.RemoteTestNG.initAndRun(RemoteTestNG.java:251)
	at org.testng.remote.RemoteTestNG.main(RemoteTestNG.java:77)
</pre></div></td>
<td>-1678891502</td>
<td>testpack.VerifySignUpPage@130161f7</td></tr>
<tr>
<td title='testpack.VerifyLoginPage$VerifySignUpPage.lanuchTheBrowser()'><b>lanuchTheBrowser</b><br>Test class: testpack.VerifyLoginPage$VerifySignUpPage</td>
<td><div><pre>org.testng.TestNGException: 
Parameter &apos;broswer&apos; is required by BeforeTest on method lanuchTheBrowser but has not been marked @Optional or defined
in C:\Users\chama\OneDrive\Desktop\recording\WFacebook\testng.xml
... Removed 21 stack frames</pre></div><a href='#' onClick='toggleBox("stack-trace1008315045", this, "Click to show all stack frames", "Click to hide stack frames")'>Click to show all stack frames</a>
<div class='stack-trace' id='stack-trace1008315045'><pre>org.testng.TestNGException: 
Parameter &apos;broswer&apos; is required by BeforeTest on method lanuchTheBrowser but has not been marked @Optional or defined
in C:\Users\chama\OneDrive\Desktop\recording\WFacebook\testng.xml
	at org.testng.internal.Parameters.createParams(Parameters.java:270)
	at org.testng.internal.Parameters.createParametersForMethod(Parameters.java:358)
	at org.testng.internal.Parameters.createParameters(Parameters.java:700)
	at org.testng.internal.Parameters.createConfigurationParameters(Parameters.java:168)
	at org.testng.internal.ConfigInvoker.invokeConfigurations(ConfigInvoker.java:302)
	at org.testng.TestRunner.invokeTestConfigurations(TestRunner.java:637)
	at org.testng.TestRunner.beforeRun(TestRunner.java:627)
	at org.testng.TestRunner.run(TestRunner.java:589)
	at org.testng.SuiteRunner.runTest(SuiteRunner.java:377)
	at org.testng.SuiteRunner.runSequentially(SuiteRunner.java:371)
	at org.testng.SuiteRunner.privateRun(SuiteRunner.java:332)
	at org.testng.SuiteRunner.run(SuiteRunner.java:276)
	at org.testng.SuiteRunnerWorker.runSuite(SuiteRunnerWorker.java:53)
	at org.testng.SuiteRunnerWorker.run(SuiteRunnerWorker.java:96)
	at org.testng.TestNG.runSuitesSequentially(TestNG.java:1212)
	at org.testng.TestNG.runSuitesLocally(TestNG.java:1134)
	at org.testng.TestNG.runSuites(TestNG.java:1063)
	at org.testng.TestNG.run(TestNG.java:1031)
	at org.testng.remote.AbstractRemoteTestNG.run(AbstractRemoteTestNG.java:115)
	at org.testng.remote.RemoteTestNG.initAndRun(RemoteTestNG.java:251)
	at org.testng.remote.RemoteTestNG.main(RemoteTestNG.java:77)
</pre></div></td>
<td>-1678891502</td>
<td>testpack.VerifyLoginPage$VerifySignUpPage@2c767a52</td></tr>
</table><p>
<table width='100%' border='1' class='invocation-skipped'>
<tr><td colspan='4' align='center'><b>SKIPPED CONFIGURATIONS</b></td></tr>
<tr><td><b>Test method</b></td>
<td width="30%"><b>Exception</b></td>
<td width="10%"><b>Time (seconds)</b></td>
<td><b>Instance</b></td>
</tr>
<tr>
<td title='testpack.VerifyLoginPage$VerifySignUpPage.createPomObject()'><b>createPomObject</b><br>Test class: testpack.VerifyLoginPage$VerifySignUpPage</td>
<td></td>
<td>-1678891502</td>
<td>testpack.VerifyLoginPage$VerifySignUpPage@2c767a52</td></tr>
<tr>
<td title='testpack.VerifySignUpPage.createPomObject()'><b>createPomObject</b><br>Test class: testpack.VerifySignUpPage</td>
<td></td>
<td>-1678891502</td>
<td>testpack.VerifySignUpPage@130161f7</td></tr>
<tr>
<td title='testpack.TestNGClass1.afterMethod()'><b>afterMethod</b><br>Test class: testpack.TestNGClass1</td>
<td></td>
<td>-1678891502</td>
<td>testpack.TestNGClass1@481a996b</td></tr>
<tr>
<td title='testpack.VerifySignUpPage.aftermethod()'><b>aftermethod</b><br>Test class: testpack.VerifySignUpPage</td>
<td></td>
<td>-1678891503</td>
<td>testpack.VerifySignUpPage@130161f7</td></tr>
<tr>
<td title='testpack.TestNGClass1.afterMethod()'><b>afterMethod</b><br>Test class: testpack.TestNGClass1</td>
<td></td>
<td>-1678891502</td>
<td>testpack.TestNGClass1@481a996b</td></tr>
<tr>
<td title='testpack.VerifyLoginPage$VerifySignUpPage.clearObject()'><b>clearObject</b><br>Test class: testpack.VerifyLoginPage$VerifySignUpPage</td>
<td></td>
<td>-1678891502</td>
<td>testpack.VerifyLoginPage$VerifySignUpPage@2c767a52</td></tr>
<tr>
<td title='testpack.TestNGClass1.afterMethod()'><b>afterMethod</b><br>Test class: testpack.TestNGClass1</td>
<td></td>
<td>-1678891502</td>
<td>testpack.TestNGClass1@481a996b</td></tr>
<tr>
<td title='testpack.TestNGClass1.beforeMethod()'><b>beforeMethod</b><br>Test class: testpack.TestNGClass1</td>
<td></td>
<td>-1678891502</td>
<td>testpack.TestNGClass1@481a996b</td></tr>
<tr>
<td title='testpack.VerifyLoginPage$VerifySignUpPage.aftermethod()'><b>aftermethod</b><br>Test class: testpack.VerifyLoginPage$VerifySignUpPage</td>
<td></td>
<td>-1678891502</td>
<td>testpack.VerifyLoginPage$VerifySignUpPage@2c767a52</td></tr>
<tr>
<td title='testpack.VerifySignUpPage.beforeMethod()'><b>beforeMethod</b><br>Test class: testpack.VerifySignUpPage</td>
<td></td>
<td>-1678891503</td>
<td>testpack.VerifySignUpPage@130161f7</td></tr>
<tr>
<td title='testpack.TestNGClass1.afterTest()'><b>afterTest</b><br>Test class: testpack.TestNGClass1</td>
<td></td>
<td>-1678891503</td>
<td>testpack.TestNGClass1@481a996b</td></tr>
<tr>
<td title='testpack.VerifySignUpPage.clearObject()'><b>clearObject</b><br>Test class: testpack.VerifySignUpPage</td>
<td></td>
<td>-1678891503</td>
<td>testpack.VerifySignUpPage@130161f7</td></tr>
<tr>
<td title='testpack.TestNGClass1.beforeMethod()'><b>beforeMethod</b><br>Test class: testpack.TestNGClass1</td>
<td></td>
<td>-1678891502</td>
<td>testpack.TestNGClass1@481a996b</td></tr>
<tr>
<td title='testpack.VerifySignUpPage.aftermethod()'><b>aftermethod</b><br>Test class: testpack.VerifySignUpPage</td>
<td></td>
<td>-1678891503</td>
<td>testpack.VerifySignUpPage@130161f7</td></tr>
<tr>
<td title='testpack.TestNGClass1.afterMethod()'><b>afterMethod</b><br>Test class: testpack.TestNGClass1</td>
<td></td>
<td>-1678891502</td>
<td>testpack.TestNGClass1@481a996b</td></tr>
<tr>
<td title='testpack.VerifySignUpPage.closeBrowser()'><b>closeBrowser</b><br>Test class: testpack.VerifySignUpPage</td>
<td></td>
<td>-1678891503</td>
<td>testpack.VerifySignUpPage@130161f7</td></tr>
<tr>
<td title='testpack.VerifyLoginPage$VerifySignUpPage.beforeMethod()'><b>beforeMethod</b><br>Test class: testpack.VerifyLoginPage$VerifySignUpPage</td>
<td></td>
<td>-1678891502</td>
<td>testpack.VerifyLoginPage$VerifySignUpPage@2c767a52</td></tr>
<tr>
<td title='testpack.TestNGClass1.afterClass()'><b>afterClass</b><br>Test class: testpack.TestNGClass1</td>
<td></td>
<td>-1678891502</td>
<td>testpack.TestNGClass1@481a996b</td></tr>
<tr>
<td title='testpack.VerifyLoginPage$VerifySignUpPage.closeBrowser()'><b>closeBrowser</b><br>Test class: testpack.VerifyLoginPage$VerifySignUpPage</td>
<td></td>
<td>-1678891503</td>
<td>testpack.VerifyLoginPage$VerifySignUpPage@2c767a52</td></tr>
<tr>
<td title='testpack.TestNGClass2.afterClass()'><b>afterClass</b><br>Test class: testpack.TestNGClass2</td>
<td></td>
<td>-1678891502</td>
<td>testpack.TestNGClass2@c33b74f</td></tr>
<tr>
<td title='testpack.TestNGClass1.beforeMethod()'><b>beforeMethod</b><br>Test class: testpack.TestNGClass1</td>
<td></td>
<td>-1678891502</td>
<td>testpack.TestNGClass1@481a996b</td></tr>
<tr>
<td title='testpack.TestNGClass2.beforeMethod()'><b>beforeMethod</b><br>Test class: testpack.TestNGClass2</td>
<td></td>
<td>-1678891502</td>
<td>testpack.TestNGClass2@c33b74f</td></tr>
<tr>
<td title='testpack.TestNGClass2.afterTest()'><b>afterTest</b><br>Test class: testpack.TestNGClass2</td>
<td></td>
<td>-1678891503</td>
<td>testpack.TestNGClass2@c33b74f</td></tr>
<tr>
<td title='testpack.TestNGClass2.beforeClass()'><b>beforeClass</b><br>Test class: testpack.TestNGClass2</td>
<td></td>
<td>-1678891502</td>
<td>testpack.TestNGClass2@c33b74f</td></tr>
<tr>
<td title='testpack.TestNGClass2.afterMethod()'><b>afterMethod</b><br>Test class: testpack.TestNGClass2</td>
<td></td>
<td>-1678891502</td>
<td>testpack.TestNGClass2@c33b74f</td></tr>
<tr>
<td title='testpack.TestNGClass1.beforeClass()'><b>beforeClass</b><br>Test class: testpack.TestNGClass1</td>
<td></td>
<td>-1678891502</td>
<td>testpack.TestNGClass1@481a996b</td></tr>
<tr>
<td title='testpack.VerifySignUpPage.beforeMethod()'><b>beforeMethod</b><br>Test class: testpack.VerifySignUpPage</td>
<td></td>
<td>-1678891502</td>
<td>testpack.VerifySignUpPage@130161f7</td></tr>
<tr>
<td title='testpack.TestNGClass1.beforeMethod()'><b>beforeMethod</b><br>Test class: testpack.TestNGClass1</td>
<td></td>
<td>-1678891502</td>
<td>testpack.TestNGClass1@481a996b</td></tr>
</table><p>
<table width='100%' border='1' class='invocation-skipped'>
<tr><td colspan='4' align='center'><b>SKIPPED TESTS</b></td></tr>
<tr><td><b>Test method</b></td>
<td width="30%"><b>Exception</b></td>
<td width="10%"><b>Time (seconds)</b></td>
<td><b>Instance</b></td>
</tr>
<tr>
<td title='testpack.TestNGClass1.testC()'><b>testC</b><br>Test class: testpack.TestNGClass1</td>
<td><div><pre>org.testng.TestNGException: 
Parameter &apos;broswer&apos; is required by BeforeTest on method lanuchTheBrowser but has not been marked @Optional or defined
in C:\Users\chama\OneDrive\Desktop\recording\WFacebook\testng.xml
... Removed 21 stack frames</pre></div><a href='#' onClick='toggleBox("stack-trace188523822", this, "Click to show all stack frames", "Click to hide stack frames")'>Click to show all stack frames</a>
<div class='stack-trace' id='stack-trace188523822'><pre>org.testng.TestNGException: 
Parameter &apos;broswer&apos; is required by BeforeTest on method lanuchTheBrowser but has not been marked @Optional or defined
in C:\Users\chama\OneDrive\Desktop\recording\WFacebook\testng.xml
	at org.testng.internal.Parameters.createParams(Parameters.java:270)
	at org.testng.internal.Parameters.createParametersForMethod(Parameters.java:358)
	at org.testng.internal.Parameters.createParameters(Parameters.java:700)
	at org.testng.internal.Parameters.createConfigurationParameters(Parameters.java:168)
	at org.testng.internal.ConfigInvoker.invokeConfigurations(ConfigInvoker.java:302)
	at org.testng.TestRunner.invokeTestConfigurations(TestRunner.java:637)
	at org.testng.TestRunner.beforeRun(TestRunner.java:627)
	at org.testng.TestRunner.run(TestRunner.java:589)
	at org.testng.SuiteRunner.runTest(SuiteRunner.java:377)
	at org.testng.SuiteRunner.runSequentially(SuiteRunner.java:371)
	at org.testng.SuiteRunner.privateRun(SuiteRunner.java:332)
	at org.testng.SuiteRunner.run(SuiteRunner.java:276)
	at org.testng.SuiteRunnerWorker.runSuite(SuiteRunnerWorker.java:53)
	at org.testng.SuiteRunnerWorker.run(SuiteRunnerWorker.java:96)
	at org.testng.TestNG.runSuitesSequentially(TestNG.java:1212)
	at org.testng.TestNG.runSuitesLocally(TestNG.java:1134)
	at org.testng.TestNG.runSuites(TestNG.java:1063)
	at org.testng.TestNG.run(TestNG.java:1031)
	at org.testng.remote.AbstractRemoteTestNG.run(AbstractRemoteTestNG.java:115)
	at org.testng.remote.RemoteTestNG.initAndRun(RemoteTestNG.java:251)
	at org.testng.remote.RemoteTestNG.main(RemoteTestNG.java:77)
</pre></div></td>
<td>0</td>
<td>testpack.TestNGClass1@481a996b</td></tr>
<tr>
<td title='testpack.TestNGClass1.testB()'><b>testB</b><br>Test class: testpack.TestNGClass1</td>
<td><div><pre>org.testng.TestNGException: 
Parameter &apos;broswer&apos; is required by BeforeTest on method lanuchTheBrowser but has not been marked @Optional or defined
in C:\Users\chama\OneDrive\Desktop\recording\WFacebook\testng.xml
... Removed 21 stack frames</pre></div><a href='#' onClick='toggleBox("stack-trace710708543", this, "Click to show all stack frames", "Click to hide stack frames")'>Click to show all stack frames</a>
<div class='stack-trace' id='stack-trace710708543'><pre>org.testng.TestNGException: 
Parameter &apos;broswer&apos; is required by BeforeTest on method lanuchTheBrowser but has not been marked @Optional or defined
in C:\Users\chama\OneDrive\Desktop\recording\WFacebook\testng.xml
	at org.testng.internal.Parameters.createParams(Parameters.java:270)
	at org.testng.internal.Parameters.createParametersForMethod(Parameters.java:358)
	at org.testng.internal.Parameters.createParameters(Parameters.java:700)
	at org.testng.internal.Parameters.createConfigurationParameters(Parameters.java:168)
	at org.testng.internal.ConfigInvoker.invokeConfigurations(ConfigInvoker.java:302)
	at org.testng.TestRunner.invokeTestConfigurations(TestRunner.java:637)
	at org.testng.TestRunner.beforeRun(TestRunner.java:627)
	at org.testng.TestRunner.run(TestRunner.java:589)
	at org.testng.SuiteRunner.runTest(SuiteRunner.java:377)
	at org.testng.SuiteRunner.runSequentially(SuiteRunner.java:371)
	at org.testng.SuiteRunner.privateRun(SuiteRunner.java:332)
	at org.testng.SuiteRunner.run(SuiteRunner.java:276)
	at org.testng.SuiteRunnerWorker.runSuite(SuiteRunnerWorker.java:53)
	at org.testng.SuiteRunnerWorker.run(SuiteRunnerWorker.java:96)
	at org.testng.TestNG.runSuitesSequentially(TestNG.java:1212)
	at org.testng.TestNG.runSuitesLocally(TestNG.java:1134)
	at org.testng.TestNG.runSuites(TestNG.java:1063)
	at org.testng.TestNG.run(TestNG.java:1031)
	at org.testng.remote.AbstractRemoteTestNG.run(AbstractRemoteTestNG.java:115)
	at org.testng.remote.RemoteTestNG.initAndRun(RemoteTestNG.java:251)
	at org.testng.remote.RemoteTestNG.main(RemoteTestNG.java:77)
</pre></div></td>
<td>0</td>
<td>testpack.TestNGClass1@481a996b</td></tr>
<tr>
<td title='testpack.TestNGClass2.test()'><b>test</b><br>Test class: testpack.TestNGClass2</td>
<td><div><pre>org.testng.TestNGException: 
Parameter &apos;broswer&apos; is required by BeforeTest on method lanuchTheBrowser but has not been marked @Optional or defined
in C:\Users\chama\OneDrive\Desktop\recording\WFacebook\testng.xml
... Removed 21 stack frames</pre></div><a href='#' onClick='toggleBox("stack-trace136936250", this, "Click to show all stack frames", "Click to hide stack frames")'>Click to show all stack frames</a>
<div class='stack-trace' id='stack-trace136936250'><pre>org.testng.TestNGException: 
Parameter &apos;broswer&apos; is required by BeforeTest on method lanuchTheBrowser but has not been marked @Optional or defined
in C:\Users\chama\OneDrive\Desktop\recording\WFacebook\testng.xml
	at org.testng.internal.Parameters.createParams(Parameters.java:270)
	at org.testng.internal.Parameters.createParametersForMethod(Parameters.java:358)
	at org.testng.internal.Parameters.createParameters(Parameters.java:700)
	at org.testng.internal.Parameters.createConfigurationParameters(Parameters.java:168)
	at org.testng.internal.ConfigInvoker.invokeConfigurations(ConfigInvoker.java:302)
	at org.testng.TestRunner.invokeTestConfigurations(TestRunner.java:637)
	at org.testng.TestRunner.beforeRun(TestRunner.java:627)
	at org.testng.TestRunner.run(TestRunner.java:589)
	at org.testng.SuiteRunner.runTest(SuiteRunner.java:377)
	at org.testng.SuiteRunner.runSequentially(SuiteRunner.java:371)
	at org.testng.SuiteRunner.privateRun(SuiteRunner.java:332)
	at org.testng.SuiteRunner.run(SuiteRunner.java:276)
	at org.testng.SuiteRunnerWorker.runSuite(SuiteRunnerWorker.java:53)
	at org.testng.SuiteRunnerWorker.run(SuiteRunnerWorker.java:96)
	at org.testng.TestNG.runSuitesSequentially(TestNG.java:1212)
	at org.testng.TestNG.runSuitesLocally(TestNG.java:1134)
	at org.testng.TestNG.runSuites(TestNG.java:1063)
	at org.testng.TestNG.run(TestNG.java:1031)
	at org.testng.remote.AbstractRemoteTestNG.run(AbstractRemoteTestNG.java:115)
	at org.testng.remote.RemoteTestNG.initAndRun(RemoteTestNG.java:251)
	at org.testng.remote.RemoteTestNG.main(RemoteTestNG.java:77)
</pre></div></td>
<td>0</td>
<td>testpack.TestNGClass2@c33b74f</td></tr>
<tr>
<td title='testpack.VerifyLoginPage$VerifySignUpPage.verifyLoginPage()'><b>verifyLoginPage</b><br>Test class: testpack.VerifyLoginPage$VerifySignUpPage</td>
<td><div><pre>org.testng.TestNGException: 
Parameter &apos;broswer&apos; is required by BeforeTest on method lanuchTheBrowser but has not been marked @Optional or defined
in C:\Users\chama\OneDrive\Desktop\recording\WFacebook\testng.xml
... Removed 21 stack frames</pre></div><a href='#' onClick='toggleBox("stack-trace1414506856", this, "Click to show all stack frames", "Click to hide stack frames")'>Click to show all stack frames</a>
<div class='stack-trace' id='stack-trace1414506856'><pre>org.testng.TestNGException: 
Parameter &apos;broswer&apos; is required by BeforeTest on method lanuchTheBrowser but has not been marked @Optional or defined
in C:\Users\chama\OneDrive\Desktop\recording\WFacebook\testng.xml
	at org.testng.internal.Parameters.createParams(Parameters.java:270)
	at org.testng.internal.Parameters.createParametersForMethod(Parameters.java:358)
	at org.testng.internal.Parameters.createParameters(Parameters.java:700)
	at org.testng.internal.Parameters.createConfigurationParameters(Parameters.java:168)
	at org.testng.internal.ConfigInvoker.invokeConfigurations(ConfigInvoker.java:302)
	at org.testng.TestRunner.invokeTestConfigurations(TestRunner.java:637)
	at org.testng.TestRunner.beforeRun(TestRunner.java:627)
	at org.testng.TestRunner.run(TestRunner.java:589)
	at org.testng.SuiteRunner.runTest(SuiteRunner.java:377)
	at org.testng.SuiteRunner.runSequentially(SuiteRunner.java:371)
	at org.testng.SuiteRunner.privateRun(SuiteRunner.java:332)
	at org.testng.SuiteRunner.run(SuiteRunner.java:276)
	at org.testng.SuiteRunnerWorker.runSuite(SuiteRunnerWorker.java:53)
	at org.testng.SuiteRunnerWorker.run(SuiteRunnerWorker.java:96)
	at org.testng.TestNG.runSuitesSequentially(TestNG.java:1212)
	at org.testng.TestNG.runSuitesLocally(TestNG.java:1134)
	at org.testng.TestNG.runSuites(TestNG.java:1063)
	at org.testng.TestNG.run(TestNG.java:1031)
	at org.testng.remote.AbstractRemoteTestNG.run(AbstractRemoteTestNG.java:115)
	at org.testng.remote.RemoteTestNG.initAndRun(RemoteTestNG.java:251)
	at org.testng.remote.RemoteTestNG.main(RemoteTestNG.java:77)
</pre></div></td>
<td>0</td>
<td>testpack.VerifyLoginPage$VerifySignUpPage@2c767a52</td></tr>
<tr>
<td title='testpack.TestNGClass1.testD()'><b>testD</b><br>Test class: testpack.TestNGClass1</td>
<td><div><pre>org.testng.TestNGException: 
Parameter &apos;broswer&apos; is required by BeforeTest on method lanuchTheBrowser but has not been marked @Optional or defined
in C:\Users\chama\OneDrive\Desktop\recording\WFacebook\testng.xml
... Removed 21 stack frames</pre></div><a href='#' onClick='toggleBox("stack-trace1896828359", this, "Click to show all stack frames", "Click to hide stack frames")'>Click to show all stack frames</a>
<div class='stack-trace' id='stack-trace1896828359'><pre>org.testng.TestNGException: 
Parameter &apos;broswer&apos; is required by BeforeTest on method lanuchTheBrowser but has not been marked @Optional or defined
in C:\Users\chama\OneDrive\Desktop\recording\WFacebook\testng.xml
	at org.testng.internal.Parameters.createParams(Parameters.java:270)
	at org.testng.internal.Parameters.createParametersForMethod(Parameters.java:358)
	at org.testng.internal.Parameters.createParameters(Parameters.java:700)
	at org.testng.internal.Parameters.createConfigurationParameters(Parameters.java:168)
	at org.testng.internal.ConfigInvoker.invokeConfigurations(ConfigInvoker.java:302)
	at org.testng.TestRunner.invokeTestConfigurations(TestRunner.java:637)
	at org.testng.TestRunner.beforeRun(TestRunner.java:627)
	at org.testng.TestRunner.run(TestRunner.java:589)
	at org.testng.SuiteRunner.runTest(SuiteRunner.java:377)
	at org.testng.SuiteRunner.runSequentially(SuiteRunner.java:371)
	at org.testng.SuiteRunner.privateRun(SuiteRunner.java:332)
	at org.testng.SuiteRunner.run(SuiteRunner.java:276)
	at org.testng.SuiteRunnerWorker.runSuite(SuiteRunnerWorker.java:53)
	at org.testng.SuiteRunnerWorker.run(SuiteRunnerWorker.java:96)
	at org.testng.TestNG.runSuitesSequentially(TestNG.java:1212)
	at org.testng.TestNG.runSuitesLocally(TestNG.java:1134)
	at org.testng.TestNG.runSuites(TestNG.java:1063)
	at org.testng.TestNG.run(TestNG.java:1031)
	at org.testng.remote.AbstractRemoteTestNG.run(AbstractRemoteTestNG.java:115)
	at org.testng.remote.RemoteTestNG.initAndRun(RemoteTestNG.java:251)
	at org.testng.remote.RemoteTestNG.main(RemoteTestNG.java:77)
</pre></div></td>
<td>0</td>
<td>testpack.TestNGClass1@481a996b</td></tr>
<tr>
<td title='testpack.VerifySignUpPage.verifySignUpPage()'><b>verifySignUpPage</b><br>Test class: testpack.VerifySignUpPage</td>
<td><div><pre>org.testng.TestNGException: 
Parameter &apos;broswer&apos; is required by BeforeTest on method lanuchTheBrowser but has not been marked @Optional or defined
in C:\Users\chama\OneDrive\Desktop\recording\WFacebook\testng.xml
... Removed 21 stack frames</pre></div><a href='#' onClick='toggleBox("stack-trace131206411", this, "Click to show all stack frames", "Click to hide stack frames")'>Click to show all stack frames</a>
<div class='stack-trace' id='stack-trace131206411'><pre>org.testng.TestNGException: 
Parameter &apos;broswer&apos; is required by BeforeTest on method lanuchTheBrowser but has not been marked @Optional or defined
in C:\Users\chama\OneDrive\Desktop\recording\WFacebook\testng.xml
	at org.testng.internal.Parameters.createParams(Parameters.java:270)
	at org.testng.internal.Parameters.createParametersForMethod(Parameters.java:358)
	at org.testng.internal.Parameters.createParameters(Parameters.java:700)
	at org.testng.internal.Parameters.createConfigurationParameters(Parameters.java:168)
	at org.testng.internal.ConfigInvoker.invokeConfigurations(ConfigInvoker.java:302)
	at org.testng.TestRunner.invokeTestConfigurations(TestRunner.java:637)
	at org.testng.TestRunner.beforeRun(TestRunner.java:627)
	at org.testng.TestRunner.run(TestRunner.java:589)
	at org.testng.SuiteRunner.runTest(SuiteRunner.java:377)
	at org.testng.SuiteRunner.runSequentially(SuiteRunner.java:371)
	at org.testng.SuiteRunner.privateRun(SuiteRunner.java:332)
	at org.testng.SuiteRunner.run(SuiteRunner.java:276)
	at org.testng.SuiteRunnerWorker.runSuite(SuiteRunnerWorker.java:53)
	at org.testng.SuiteRunnerWorker.run(SuiteRunnerWorker.java:96)
	at org.testng.TestNG.runSuitesSequentially(TestNG.java:1212)
	at org.testng.TestNG.runSuitesLocally(TestNG.java:1134)
	at org.testng.TestNG.runSuites(TestNG.java:1063)
	at org.testng.TestNG.run(TestNG.java:1031)
	at org.testng.remote.AbstractRemoteTestNG.run(AbstractRemoteTestNG.java:115)
	at org.testng.remote.RemoteTestNG.initAndRun(RemoteTestNG.java:251)
	at org.testng.remote.RemoteTestNG.main(RemoteTestNG.java:77)
</pre></div></td>
<td>0</td>
<td>testpack.VerifySignUpPage@130161f7</td></tr>
<tr>
<td title='testpack.VerifySignUpPage.verifyLoginPage()'><b>verifyLoginPage</b><br>Test class: testpack.VerifySignUpPage</td>
<td><div><pre>org.testng.TestNGException: 
Parameter &apos;broswer&apos; is required by BeforeTest on method lanuchTheBrowser but has not been marked @Optional or defined
in C:\Users\chama\OneDrive\Desktop\recording\WFacebook\testng.xml
... Removed 21 stack frames</pre></div><a href='#' onClick='toggleBox("stack-trace1816147548", this, "Click to show all stack frames", "Click to hide stack frames")'>Click to show all stack frames</a>
<div class='stack-trace' id='stack-trace1816147548'><pre>org.testng.TestNGException: 
Parameter &apos;broswer&apos; is required by BeforeTest on method lanuchTheBrowser but has not been marked @Optional or defined
in C:\Users\chama\OneDrive\Desktop\recording\WFacebook\testng.xml
	at org.testng.internal.Parameters.createParams(Parameters.java:270)
	at org.testng.internal.Parameters.createParametersForMethod(Parameters.java:358)
	at org.testng.internal.Parameters.createParameters(Parameters.java:700)
	at org.testng.internal.Parameters.createConfigurationParameters(Parameters.java:168)
	at org.testng.internal.ConfigInvoker.invokeConfigurations(ConfigInvoker.java:302)
	at org.testng.TestRunner.invokeTestConfigurations(TestRunner.java:637)
	at org.testng.TestRunner.beforeRun(TestRunner.java:627)
	at org.testng.TestRunner.run(TestRunner.java:589)
	at org.testng.SuiteRunner.runTest(SuiteRunner.java:377)
	at org.testng.SuiteRunner.runSequentially(SuiteRunner.java:371)
	at org.testng.SuiteRunner.privateRun(SuiteRunner.java:332)
	at org.testng.SuiteRunner.run(SuiteRunner.java:276)
	at org.testng.SuiteRunnerWorker.runSuite(SuiteRunnerWorker.java:53)
	at org.testng.SuiteRunnerWorker.run(SuiteRunnerWorker.java:96)
	at org.testng.TestNG.runSuitesSequentially(TestNG.java:1212)
	at org.testng.TestNG.runSuitesLocally(TestNG.java:1134)
	at org.testng.TestNG.runSuites(TestNG.java:1063)
	at org.testng.TestNG.run(TestNG.java:1031)
	at org.testng.remote.AbstractRemoteTestNG.run(AbstractRemoteTestNG.java:115)
	at org.testng.remote.RemoteTestNG.initAndRun(RemoteTestNG.java:251)
	at org.testng.remote.RemoteTestNG.main(RemoteTestNG.java:77)
</pre></div></td>
<td>0</td>
<td>testpack.VerifySignUpPage@130161f7</td></tr>
<tr>
<td title='testpack.TestNGClass1.testA()'><b>testA</b><br>Test class: testpack.TestNGClass1</td>
<td><div><pre>org.testng.TestNGException: 
Parameter &apos;broswer&apos; is required by BeforeTest on method lanuchTheBrowser but has not been marked @Optional or defined
in C:\Users\chama\OneDrive\Desktop\recording\WFacebook\testng.xml
... Removed 21 stack frames</pre></div><a href='#' onClick='toggleBox("stack-trace195228908", this, "Click to show all stack frames", "Click to hide stack frames")'>Click to show all stack frames</a>
<div class='stack-trace' id='stack-trace195228908'><pre>org.testng.TestNGException: 
Parameter &apos;broswer&apos; is required by BeforeTest on method lanuchTheBrowser but has not been marked @Optional or defined
in C:\Users\chama\OneDrive\Desktop\recording\WFacebook\testng.xml
	at org.testng.internal.Parameters.createParams(Parameters.java:270)
	at org.testng.internal.Parameters.createParametersForMethod(Parameters.java:358)
	at org.testng.internal.Parameters.createParameters(Parameters.java:700)
	at org.testng.internal.Parameters.createConfigurationParameters(Parameters.java:168)
	at org.testng.internal.ConfigInvoker.invokeConfigurations(ConfigInvoker.java:302)
	at org.testng.TestRunner.invokeTestConfigurations(TestRunner.java:637)
	at org.testng.TestRunner.beforeRun(TestRunner.java:627)
	at org.testng.TestRunner.run(TestRunner.java:589)
	at org.testng.SuiteRunner.runTest(SuiteRunner.java:377)
	at org.testng.SuiteRunner.runSequentially(SuiteRunner.java:371)
	at org.testng.SuiteRunner.privateRun(SuiteRunner.java:332)
	at org.testng.SuiteRunner.run(SuiteRunner.java:276)
	at org.testng.SuiteRunnerWorker.runSuite(SuiteRunnerWorker.java:53)
	at org.testng.SuiteRunnerWorker.run(SuiteRunnerWorker.java:96)
	at org.testng.TestNG.runSuitesSequentially(TestNG.java:1212)
	at org.testng.TestNG.runSuitesLocally(TestNG.java:1134)
	at org.testng.TestNG.runSuites(TestNG.java:1063)
	at org.testng.TestNG.run(TestNG.java:1031)
	at org.testng.remote.AbstractRemoteTestNG.run(AbstractRemoteTestNG.java:115)
	at org.testng.remote.RemoteTestNG.initAndRun(RemoteTestNG.java:251)
	at org.testng.remote.RemoteTestNG.main(RemoteTestNG.java:77)
</pre></div></td>
<td>0</td>
<td>testpack.TestNGClass1@481a996b</td></tr>
</table><p>
</body>
</html>