<?xml version="1.0" encoding="UTF-8"?>
<!-- Generated by org.testng.reporters.JUnitXMLReporter -->
<testsuite ignored="0" hostname="DESKTOP-0ATAG9T" failures="0" tests="8" name="Test" time="0.166" errors="0" timestamp="2023-03-15T20:15:03 IST">
  <testcase classname="testpack.VerifyLoginPage$VerifySignUpPage" name="@BeforeTest lanuchTheBrowser" time="-1.678891502862E9">
    <failure type="org.testng.TestNGException" message="
Parameter &amp;apos;broswer&amp;apos; is required by BeforeTest on method lanuchTheBrowser but has not been marked @Optional or defined
in C:\Users\chama\OneDrive\Desktop\recording\WFacebook\testng.xml">
      <![CDATA[org.testng.TestNGException: 
Parameter 'broswer' is required by BeforeTest on method lanuchTheBrowser but has not been marked @Optional or defined
in C:\Users\chama\OneDrive\Desktop\recording\WFacebook\testng.xml
... Removed 21 stack frames]]>
    </failure>
  </testcase> <!-- @BeforeTest lanuchTheBrowser -->
  <testcase classname="testpack.VerifySignUpPage" name="@BeforeTest lanuchTheBrowser" time="-1.678891502876E9">
    <failure type="org.testng.TestNGException" message="
Parameter &amp;apos;broswer&amp;apos; is required by BeforeTest on method lanuchTheBrowser but has not been marked @Optional or defined
in C:\Users\chama\OneDrive\Desktop\recording\WFacebook\testng.xml">
      <![CDATA[org.testng.TestNGException: 
Parameter 'broswer' is required by BeforeTest on method lanuchTheBrowser but has not been marked @Optional or defined
in C:\Users\chama\OneDrive\Desktop\recording\WFacebook\testng.xml
... Removed 21 stack frames]]>
    </failure>
  </testcase> <!-- @BeforeTest lanuchTheBrowser -->
  <testcase classname="testpack.TestNGClass1" name="@BeforeClass beforeClass" time="-1.67889150291E9">
    <skipped/>
  </testcase> <!-- @BeforeClass beforeClass -->
  <testcase classname="testpack.TestNGClass1" name="@BeforeMethod beforeMethod" time="-1.678891502923E9">
    <skipped/>
  </testcase> <!-- @BeforeMethod beforeMethod -->
  <testcase classname="testpack.TestNGClass1" name="@AfterMethod afterMethod" time="-1.67889150293E9">
    <skipped/>
  </testcase> <!-- @AfterMethod afterMethod -->
  <testcase classname="testpack.TestNGClass1" name="@BeforeMethod beforeMethod" time="-1.678891502935E9">
    <skipped/>
  </testcase> <!-- @BeforeMethod beforeMethod -->
  <testcase classname="testpack.TestNGClass1" name="@AfterMethod afterMethod" time="-1.678891502942E9">
    <skipped/>
  </testcase> <!-- @AfterMethod afterMethod -->
  <testcase classname="testpack.TestNGClass1" name="@BeforeMethod beforeMethod" time="-1.678891502945E9">
    <skipped/>
  </testcase> <!-- @BeforeMethod beforeMethod -->
  <testcase classname="testpack.TestNGClass1" name="@AfterMethod afterMethod" time="-1.678891502952E9">
    <skipped/>
  </testcase> <!-- @AfterMethod afterMethod -->
  <testcase classname="testpack.TestNGClass1" name="@BeforeMethod beforeMethod" time="-1.678891502954E9">
    <skipped/>
  </testcase> <!-- @BeforeMethod beforeMethod -->
  <testcase classname="testpack.TestNGClass1" name="@AfterMethod afterMethod" time="-1.678891502961E9">
    <skipped/>
  </testcase> <!-- @AfterMethod afterMethod -->
  <testcase classname="testpack.TestNGClass1" name="@AfterClass afterClass" time="-1.678891502963E9">
    <skipped/>
  </testcase> <!-- @AfterClass afterClass -->
  <testcase classname="testpack.TestNGClass2" name="@BeforeClass beforeClass" time="-1.678891502965E9">
    <skipped/>
  </testcase> <!-- @BeforeClass beforeClass -->
  <testcase classname="testpack.TestNGClass2" name="@BeforeMethod beforeMethod" time="-1.678891502966E9">
    <skipped/>
  </testcase> <!-- @BeforeMethod beforeMethod -->
  <testcase classname="testpack.TestNGClass2" name="@AfterMethod afterMethod" time="-1.678891502973E9">
    <skipped/>
  </testcase> <!-- @AfterMethod afterMethod -->
  <testcase classname="testpack.TestNGClass2" name="@AfterClass afterClass" time="-1.678891502977E9">
    <skipped/>
  </testcase> <!-- @AfterClass afterClass -->
  <testcase classname="testpack.VerifyLoginPage$VerifySignUpPage" name="@BeforeClass createPomObject" time="-1.67889150298E9">
    <skipped/>
  </testcase> <!-- @BeforeClass createPomObject -->
  <testcase classname="testpack.VerifyLoginPage$VerifySignUpPage" name="@BeforeMethod beforeMethod" time="-1.678891502982E9">
    <skipped/>
  </testcase> <!-- @BeforeMethod beforeMethod -->
  <testcase classname="testpack.VerifyLoginPage$VerifySignUpPage" name="@AfterMethod aftermethod" time="-1.67889150299E9">
    <skipped/>
  </testcase> <!-- @AfterMethod aftermethod -->
  <testcase classname="testpack.VerifyLoginPage$VerifySignUpPage" name="@AfterClass clearObject" time="-1.678891502993E9">
    <skipped/>
  </testcase> <!-- @AfterClass clearObject -->
  <testcase classname="testpack.VerifySignUpPage" name="@BeforeClass createPomObject" time="-1.678891502994E9">
    <skipped/>
  </testcase> <!-- @BeforeClass createPomObject -->
  <testcase classname="testpack.VerifySignUpPage" name="@BeforeMethod beforeMethod" time="-1.678891502996E9">
    <skipped/>
  </testcase> <!-- @BeforeMethod beforeMethod -->
  <testcase classname="testpack.VerifySignUpPage" name="@AfterMethod aftermethod" time="-1.678891503003E9">
    <skipped/>
  </testcase> <!-- @AfterMethod aftermethod -->
  <testcase classname="testpack.VerifySignUpPage" name="@BeforeMethod beforeMethod" time="-1.678891503009E9">
    <skipped/>
  </testcase> <!-- @BeforeMethod beforeMethod -->
  <testcase classname="testpack.VerifySignUpPage" name="@AfterMethod aftermethod" time="-1.678891503014E9">
    <skipped/>
  </testcase> <!-- @AfterMethod aftermethod -->
  <testcase classname="testpack.VerifySignUpPage" name="@AfterClass clearObject" time="-1.678891503015E9">
    <skipped/>
  </testcase> <!-- @AfterClass clearObject -->
  <testcase classname="testpack.TestNGClass1" name="@AfterTest afterTest" time="-1.678891503016E9">
    <skipped/>
  </testcase> <!-- @AfterTest afterTest -->
  <testcase classname="testpack.TestNGClass2" name="@AfterTest afterTest" time="-1.678891503018E9">
    <skipped/>
  </testcase> <!-- @AfterTest afterTest -->
  <testcase classname="testpack.VerifyLoginPage$VerifySignUpPage" name="@AfterTest closeBrowser" time="-1.678891503019E9">
    <skipped/>
  </testcase> <!-- @AfterTest closeBrowser -->
  <testcase classname="testpack.VerifySignUpPage" name="@AfterTest closeBrowser" time="-1.678891503021E9">
    <skipped/>
  </testcase> <!-- @AfterTest closeBrowser -->
  <testcase classname="testpack.TestNGClass1" name="testA" time="0.0">
    <skipped/>
  </testcase> <!-- testA -->
  <testcase classname="testpack.TestNGClass1" name="testB" time="0.0">
    <skipped/>
  </testcase> <!-- testB -->
  <testcase classname="testpack.TestNGClass1" name="testC" time="0.0">
    <skipped/>
  </testcase> <!-- testC -->
  <testcase classname="testpack.TestNGClass1" name="testD" time="0.0">
    <skipped/>
  </testcase> <!-- testD -->
  <testcase classname="testpack.TestNGClass2" name="test" time="0.0">
    <skipped/>
  </testcase> <!-- test -->
  <testcase classname="testpack.VerifyLoginPage$VerifySignUpPage" name="verifyLoginPage" time="0.0">
    <skipped/>
  </testcase> <!-- verifyLoginPage -->
  <testcase classname="testpack.VerifySignUpPage" name="verifySignUpPage" time="0.0">
    <skipped/>
  </testcase> <!-- verifySignUpPage -->
  <testcase classname="testpack.VerifySignUpPage" name="verifyLoginPage" time="0.0">
    <skipped/>
  </testcase> <!-- verifyLoginPage -->
</testsuite> <!-- Test -->
