<?xml version="1.0" encoding="UTF-8"?>
<!-- Generated by org.testng.reporters.JUnitXMLReporter -->
<testsuite ignored="0" hostname="DESKTOP-0ATAG9T" failures="0" tests="2" name="ChromeTest" time="0.081" errors="0" timestamp="2023-03-15T19:54:12 IST">
  <testcase classname="testpack.VerifySignUpPage" name="@BeforeTest lanuchTheBrowser" time="-1.678890252069E9">
    <failure type="org.testng.TestNGException" message="
Parameter &amp;apos;broswer&amp;apos; is required by BeforeTest on method lanuchTheBrowser but has not been marked @Optional or defined
in C:\Users\chama\OneDrive\Desktop\recording\WFacebook\testng.xml">
      <![CDATA[org.testng.TestNGException: 
Parameter 'broswer' is required by BeforeTest on method lanuchTheBrowser but has not been marked @Optional or defined
in C:\Users\chama\OneDrive\Desktop\recording\WFacebook\testng.xml
... Removed 21 stack frames]]>
    </failure>
  </testcase> <!-- @BeforeTest lanuchTheBrowser -->
  <testcase classname="testpack.VerifySignUpPage" name="@BeforeClass createPomObject" time="-1.678890252103E9">
    <skipped/>
  </testcase> <!-- @BeforeClass createPomObject -->
  <testcase classname="testpack.VerifySignUpPage" name="@BeforeMethod beforeMethod" time="-1.67889025212E9">
    <skipped/>
  </testcase> <!-- @BeforeMethod beforeMethod -->
  <testcase classname="testpack.VerifySignUpPage" name="@AfterMethod aftermethod" time="-1.678890252128E9">
    <skipped/>
  </testcase> <!-- @AfterMethod aftermethod -->
  <testcase classname="testpack.VerifySignUpPage" name="@BeforeMethod beforeMethod" time="-1.678890252133E9">
    <skipped/>
  </testcase> <!-- @BeforeMethod beforeMethod -->
  <testcase classname="testpack.VerifySignUpPage" name="@AfterMethod aftermethod" time="-1.678890252138E9">
    <skipped/>
  </testcase> <!-- @AfterMethod aftermethod -->
  <testcase classname="testpack.VerifySignUpPage" name="@AfterClass clearObject" time="-1.67889025214E9">
    <skipped/>
  </testcase> <!-- @AfterClass clearObject -->
  <testcase classname="testpack.VerifySignUpPage" name="@AfterTest closeBrowser" time="-1.678890252141E9">
    <skipped/>
  </testcase> <!-- @AfterTest closeBrowser -->
  <testcase classname="testpack.VerifySignUpPage" name="verifySignUpPage" time="0.0">
    <skipped/>
  </testcase> <!-- verifySignUpPage -->
  <testcase classname="testpack.VerifySignUpPage" name="verifyLoginPage" time="0.0">
    <skipped/>
  </testcase> <!-- verifyLoginPage -->
</testsuite> <!-- ChromeTest -->
