<?xml version="1.0" encoding="UTF-8"?>
<!-- Generated by org.testng.reporters.JUnitXMLReporter -->
<testsuite ignored="0" hostname="DESKTOP-0ATAG9T" failures="0" tests="2" name="Default test" time="0.079" errors="0" timestamp="2023-03-17T22:30:27 IST">
  <testcase classname="testpack.CrossBrowserVerifySignUpPage" name="@BeforeTest lanuchTheBrowser" time="-1.679072427152E9">
    <failure type="org.testng.TestNGException" message="
Parameter &amp;apos;broswer&amp;apos; is required by BeforeTest on method lanuchTheBrowser but has not been marked @Optional or defined
in C:\Users\chama\AppData\Local\Temp\testng-eclipse-1098624197\testng-customsuite.xml">
      <![CDATA[org.testng.TestNGException: 
Parameter 'broswer' is required by BeforeTest on method lanuchTheBrowser but has not been marked @Optional or defined
in C:\Users\chama\AppData\Local\Temp\testng-eclipse-1098624197\testng-customsuite.xml
at org.testng.internal.Parameters.createParams(Parameters.java:270)
at org.testng.internal.Parameters.createParametersForMethod(Parameters.java:358)
at org.testng.internal.Parameters.createParameters(Parameters.java:700)
at org.testng.internal.Parameters.createConfigurationParameters(Parameters.java:168)
at org.testng.internal.ConfigInvoker.invokeConfigurations(ConfigInvoker.java:302)
at org.testng.TestRunner.invokeTestConfigurations(TestRunner.java:637)
at org.testng.TestRunner.beforeRun(TestRunner.java:627)
at org.testng.TestRunner.run(TestRunner.java:589)
at org.testng.SuiteRunner.runTest(SuiteRunner.java:377)
at org.testng.SuiteRunner.runSequentially(SuiteRunner.java:371)
at org.testng.SuiteRunner.privateRun(SuiteRunner.java:332)
at org.testng.SuiteRunner.run(SuiteRunner.java:276)
at org.testng.SuiteRunnerWorker.runSuite(SuiteRunnerWorker.java:53)
at org.testng.SuiteRunnerWorker.run(SuiteRunnerWorker.java:96)
at org.testng.TestNG.runSuitesSequentially(TestNG.java:1212)
at org.testng.TestNG.runSuitesLocally(TestNG.java:1134)
at org.testng.TestNG.runSuites(TestNG.java:1063)
at org.testng.TestNG.run(TestNG.java:1031)
at org.testng.remote.AbstractRemoteTestNG.run(AbstractRemoteTestNG.java:115)
at org.testng.remote.RemoteTestNG.initAndRun(RemoteTestNG.java:251)
at org.testng.remote.RemoteTestNG.main(RemoteTestNG.java:77)
]]>
    </failure>
  </testcase> <!-- @BeforeTest lanuchTheBrowser -->
  <testcase classname="testpack.CrossBrowserVerifySignUpPage" name="@BeforeClass createPomObject" time="-1.679072427184E9">
    <skipped/>
  </testcase> <!-- @BeforeClass createPomObject -->
  <testcase classname="testpack.CrossBrowserVerifySignUpPage" name="@BeforeMethod beforeMethod" time="-1.679072427198E9">
    <skipped/>
  </testcase> <!-- @BeforeMethod beforeMethod -->
  <testcase classname="testpack.CrossBrowserVerifySignUpPage" name="@AfterMethod aftermethod" time="-1.679072427206E9">
    <skipped/>
  </testcase> <!-- @AfterMethod aftermethod -->
  <testcase classname="testpack.CrossBrowserVerifySignUpPage" name="@BeforeMethod beforeMethod" time="-1.679072427209E9">
    <skipped/>
  </testcase> <!-- @BeforeMethod beforeMethod -->
  <testcase classname="testpack.CrossBrowserVerifySignUpPage" name="@AfterMethod aftermethod" time="-1.679072427214E9">
    <skipped/>
  </testcase> <!-- @AfterMethod aftermethod -->
  <testcase classname="testpack.CrossBrowserVerifySignUpPage" name="@AfterClass clearPomObject" time="-1.679072427218E9">
    <skipped/>
  </testcase> <!-- @AfterClass clearPomObject -->
  <testcase classname="testpack.CrossBrowserVerifySignUpPage" name="@AfterTest closeBrowser" time="-1.679072427223E9">
    <skipped/>
  </testcase> <!-- @AfterTest closeBrowser -->
  <testcase classname="testpack.CrossBrowserVerifySignUpPage" name="verifyLoginPage" time="0.0">
    <skipped/>
  </testcase> <!-- verifyLoginPage -->
  <testcase classname="testpack.CrossBrowserVerifySignUpPage" name="verifySignUpPage" time="0.0">
    <skipped/>
  </testcase> <!-- verifySignUpPage -->
</testsuite> <!-- Default test -->
