<?xml version="1.0" encoding="UTF-8"?>
<!-- Generated by org.testng.reporters.JUnitXMLReporter -->
<testsuite ignored="0" hostname="DESKTOP-0ATAG9T" failures="1" tests="2" name="Test123" time="8.646" errors="0" timestamp="2023-03-14T13:03:01 IST">
  <testcase classname="Test.VerifySignUpPage" name="verifyLoginPage" time="2.53">
    <failure type="java.lang.AssertionError" message="The following asserts failed:
	expected [Facebook ? log in or sign up] but found [Facebook – log in or sign up]">
      <![CDATA[java.lang.AssertionError: The following asserts failed:
expected [Facebook ? log in or sign up] but found [Facebook – log in or sign up]
at Test.VerifySignUpPage.verifyLoginPage(VerifySignUpPage.java:89)
at java.base/java.util.ArrayList.forEach(ArrayList.java:1511)
... Removed 27 stack frames]]>
    </failure>
  </testcase> <!-- verifyLoginPage -->
  <testcase classname="Test.VerifySignUpPage" name="verifySignUpPage" time="2.382"/>
</testsuite> <!-- Test123 -->
