<?xml version="1.0" encoding="UTF-8"?>
<testng-results ignored="0" total="4" passed="2" failed="2" skipped="0">
  <reporter-output>
  </reporter-output>
  <suite started-at="2023-03-18T19:03:15 IST" name="RegressionSuite" finished-at="2023-03-18T19:03:39 IST" duration-ms="23816">
    <groups>
    </groups>
    <test started-at="2023-03-18T19:03:15 IST" name="ChromeTest" finished-at="2023-03-18T19:03:25 IST" duration-ms="10029">
      <class name="testpack.CrossBrowserVerifySignUpPage">
        <test-method is-config="true" signature="lanuchTheBrowser(java.lang.String)[pri:0, instance:testpack.CrossBrowserVerifySignUpPage@50a638b5]" started-at="2023-03-18T19:03:15 IST" name="lanuchTheBrowser" finished-at="2023-03-18T19:03:17 IST" duration-ms="1937" status="PASS">
          <params>
            <param index="0">
              <value>
                <![CDATA[Chrome]]>
              </value>
            </param>
          </params>
          <reporter-output>
          </reporter-output>
        </test-method> <!-- lanuchTheBrowser -->
        <test-method is-config="true" signature="createPomObject()[pri:0, instance:testpack.CrossBrowserVerifySignUpPage@50a638b5]" started-at="2023-03-18T19:03:17 IST" name="createPomObject" finished-at="2023-03-18T19:03:17 IST" duration-ms="49" status="PASS">
          <reporter-output>
          </reporter-output>
        </test-method> <!-- createPomObject -->
        <test-method is-config="true" signature="beforeMethod()[pri:0, instance:testpack.CrossBrowserVerifySignUpPage@50a638b5]" started-at="2023-03-18T19:03:17 IST" name="beforeMethod" finished-at="2023-03-18T19:03:19 IST" duration-ms="1694" status="PASS">
          <reporter-output>
          </reporter-output>
        </test-method> <!-- beforeMethod -->
        <test-method signature="verifySignUpPage()[pri:0, instance:testpack.CrossBrowserVerifySignUpPage@50a638b5]" started-at="2023-03-18T19:03:19 IST" name="verifySignUpPage" finished-at="2023-03-18T19:03:21 IST" duration-ms="2519" status="PASS">
          <reporter-output>
          </reporter-output>
        </test-method> <!-- verifySignUpPage -->
        <test-method is-config="true" signature="aftermethod(org.testng.ITestResult)[pri:0, instance:testpack.CrossBrowserVerifySignUpPage@50a638b5]" started-at="2023-03-18T19:03:21 IST" name="aftermethod" finished-at="2023-03-18T19:03:21 IST" duration-ms="3" status="PASS">
          <params>
            <param index="0">
              <value>
                <![CDATA[[TestResult name=verifySignUpPage status=SUCCESS method=CrossBrowserVerifySignUpPage.verifySignUpPage()[pri:0, instance:testpack.CrossBrowserVerifySignUpPage@50a638b5] output={null}]]]>
              </value>
            </param>
          </params>
          <reporter-output>
          </reporter-output>
        </test-method> <!-- aftermethod -->
        <test-method is-config="true" signature="beforeMethod()[pri:0, instance:testpack.CrossBrowserVerifySignUpPage@50a638b5]" started-at="2023-03-18T19:03:21 IST" name="beforeMethod" finished-at="2023-03-18T19:03:22 IST" duration-ms="988" status="PASS">
          <reporter-output>
          </reporter-output>
        </test-method> <!-- beforeMethod -->
        <test-method signature="verifyLoginPage()[pri:1, instance:testpack.CrossBrowserVerifySignUpPage@50a638b5]" started-at="2023-03-18T19:03:22 IST" name="verifyLoginPage" finished-at="2023-03-18T19:03:24 IST" duration-ms="2372" status="FAIL">
          <exception class="java.lang.AssertionError">
            <message>
              <![CDATA[expected [Facebook � log in or sign up ] but found [Facebook – log in or sign up]]]>
            </message>
            <full-stacktrace>
              <![CDATA[java.lang.AssertionError: expected [Facebook � log in or sign up ] but found [Facebook – log in or sign up]
at org.testng.Assert.fail(Assert.java:99)
at org.testng.Assert.failNotEquals(Assert.java:1037)
at org.testng.Assert.assertEqualsImpl(Assert.java:140)
at org.testng.Assert.assertEquals(Assert.java:122)
at org.testng.Assert.assertEquals(Assert.java:629)
at org.testng.Assert.assertEquals(Assert.java:639)
at testpack.CrossBrowserVerifySignUpPage.verifyLoginPage(CrossBrowserVerifySignUpPage.java:130)
at java.base/jdk.internal.reflect.DirectMethodHandleAccessor.invoke(DirectMethodHandleAccessor.java:104)
at java.base/java.lang.reflect.Method.invoke(Method.java:577)
at org.testng.internal.MethodInvocationHelper.invokeMethod(MethodInvocationHelper.java:133)
at org.testng.internal.TestInvoker.invokeMethod(TestInvoker.java:598)
at org.testng.internal.TestInvoker.invokeTestMethod(TestInvoker.java:173)
at org.testng.internal.MethodRunner.runInSequence(MethodRunner.java:46)
at org.testng.internal.TestInvoker$MethodInvocationAgent.invoke(TestInvoker.java:824)
at org.testng.internal.TestInvoker.invokeTestMethods(TestInvoker.java:146)
at org.testng.internal.TestMethodWorker.invokeTestMethods(TestMethodWorker.java:146)
at org.testng.internal.TestMethodWorker.run(TestMethodWorker.java:128)
at java.base/java.util.ArrayList.forEach(ArrayList.java:1511)
at org.testng.TestRunner.privateRun(TestRunner.java:794)
at org.testng.TestRunner.run(TestRunner.java:596)
at org.testng.SuiteRunner.runTest(SuiteRunner.java:377)
at org.testng.SuiteRunner.runSequentially(SuiteRunner.java:371)
at org.testng.SuiteRunner.privateRun(SuiteRunner.java:332)
at org.testng.SuiteRunner.run(SuiteRunner.java:276)
at org.testng.SuiteRunnerWorker.runSuite(SuiteRunnerWorker.java:53)
at org.testng.SuiteRunnerWorker.run(SuiteRunnerWorker.java:96)
at org.testng.TestNG.runSuitesSequentially(TestNG.java:1212)
at org.testng.TestNG.runSuitesLocally(TestNG.java:1134)
at org.testng.TestNG.runSuites(TestNG.java:1063)
at org.testng.TestNG.run(TestNG.java:1031)
at org.testng.remote.AbstractRemoteTestNG.run(AbstractRemoteTestNG.java:115)
at org.testng.remote.RemoteTestNG.initAndRun(RemoteTestNG.java:251)
at org.testng.remote.RemoteTestNG.main(RemoteTestNG.java:77)
]]>
            </full-stacktrace>
          </exception> <!-- java.lang.AssertionError -->
          <reporter-output>
          </reporter-output>
        </test-method> <!-- verifyLoginPage -->
        <test-method is-config="true" signature="aftermethod(org.testng.ITestResult)[pri:0, instance:testpack.CrossBrowserVerifySignUpPage@50a638b5]" started-at="2023-03-18T19:03:25 IST" name="aftermethod" finished-at="2023-03-18T19:03:25 IST" duration-ms="144" status="PASS">
          <params>
            <param index="0">
              <value>
                <![CDATA[[TestResult name=verifyLoginPage status=FAILURE method=CrossBrowserVerifySignUpPage.verifyLoginPage()[pri:1, instance:testpack.CrossBrowserVerifySignUpPage@50a638b5] output={null}]]]>
              </value>
            </param>
          </params>
          <reporter-output>
          </reporter-output>
        </test-method> <!-- aftermethod -->
        <test-method is-config="true" signature="clearPomObject()[pri:0, instance:testpack.CrossBrowserVerifySignUpPage@50a638b5]" started-at="2023-03-18T19:03:25 IST" name="clearPomObject" finished-at="2023-03-18T19:03:25 IST" duration-ms="1" status="PASS">
          <reporter-output>
          </reporter-output>
        </test-method> <!-- clearPomObject -->
        <test-method is-config="true" signature="closeBrowser()[pri:0, instance:testpack.CrossBrowserVerifySignUpPage@50a638b5]" started-at="2023-03-18T19:03:25 IST" name="closeBrowser" finished-at="2023-03-18T19:03:25 IST" duration-ms="251" status="PASS">
          <reporter-output>
          </reporter-output>
        </test-method> <!-- closeBrowser -->
      </class> <!-- testpack.CrossBrowserVerifySignUpPage -->
    </test> <!-- ChromeTest -->
    <test started-at="2023-03-18T19:03:25 IST" name="EdgeTest" finished-at="2023-03-18T19:03:39 IST" duration-ms="13733">
      <class name="testpack.CrossBrowserVerifySignUpPage">
        <test-method is-config="true" signature="lanuchTheBrowser(java.lang.String)[pri:0, instance:testpack.CrossBrowserVerifySignUpPage@6c80d78a]" started-at="2023-03-18T19:03:25 IST" name="lanuchTheBrowser" finished-at="2023-03-18T19:03:28 IST" duration-ms="3315" status="PASS">
          <params>
            <param index="0">
              <value>
                <![CDATA[Edge]]>
              </value>
            </param>
          </params>
          <reporter-output>
          </reporter-output>
        </test-method> <!-- lanuchTheBrowser -->
        <test-method is-config="true" signature="createPomObject()[pri:0, instance:testpack.CrossBrowserVerifySignUpPage@6c80d78a]" started-at="2023-03-18T19:03:28 IST" name="createPomObject" finished-at="2023-03-18T19:03:28 IST" duration-ms="1" status="PASS">
          <reporter-output>
          </reporter-output>
        </test-method> <!-- createPomObject -->
        <test-method is-config="true" signature="beforeMethod()[pri:0, instance:testpack.CrossBrowserVerifySignUpPage@6c80d78a]" started-at="2023-03-18T19:03:28 IST" name="beforeMethod" finished-at="2023-03-18T19:03:31 IST" duration-ms="2753" status="PASS">
          <reporter-output>
          </reporter-output>
        </test-method> <!-- beforeMethod -->
        <test-method signature="verifySignUpPage()[pri:0, instance:testpack.CrossBrowserVerifySignUpPage@6c80d78a]" started-at="2023-03-18T19:03:31 IST" name="verifySignUpPage" finished-at="2023-03-18T19:03:34 IST" duration-ms="3175" status="PASS">
          <reporter-output>
          </reporter-output>
        </test-method> <!-- verifySignUpPage -->
        <test-method is-config="true" signature="aftermethod(org.testng.ITestResult)[pri:0, instance:testpack.CrossBrowserVerifySignUpPage@6c80d78a]" started-at="2023-03-18T19:03:34 IST" name="aftermethod" finished-at="2023-03-18T19:03:34 IST" duration-ms="1" status="PASS">
          <params>
            <param index="0">
              <value>
                <![CDATA[[TestResult name=verifySignUpPage status=SUCCESS method=CrossBrowserVerifySignUpPage.verifySignUpPage()[pri:0, instance:testpack.CrossBrowserVerifySignUpPage@6c80d78a] output={null}]]]>
              </value>
            </param>
          </params>
          <reporter-output>
          </reporter-output>
        </test-method> <!-- aftermethod -->
        <test-method is-config="true" signature="beforeMethod()[pri:0, instance:testpack.CrossBrowserVerifySignUpPage@6c80d78a]" started-at="2023-03-18T19:03:34 IST" name="beforeMethod" finished-at="2023-03-18T19:03:36 IST" duration-ms="1799" status="PASS">
          <reporter-output>
          </reporter-output>
        </test-method> <!-- beforeMethod -->
        <test-method signature="verifyLoginPage()[pri:1, instance:testpack.CrossBrowserVerifySignUpPage@6c80d78a]" started-at="2023-03-18T19:03:36 IST" name="verifyLoginPage" finished-at="2023-03-18T19:03:38 IST" duration-ms="2320" status="FAIL">
          <exception class="java.lang.AssertionError">
            <message>
              <![CDATA[expected [Facebook � log in or sign up ] but found [Facebook – log in or sign up]]]>
            </message>
            <full-stacktrace>
              <![CDATA[java.lang.AssertionError: expected [Facebook � log in or sign up ] but found [Facebook – log in or sign up]
at org.testng.Assert.fail(Assert.java:99)
at org.testng.Assert.failNotEquals(Assert.java:1037)
at org.testng.Assert.assertEqualsImpl(Assert.java:140)
at org.testng.Assert.assertEquals(Assert.java:122)
at org.testng.Assert.assertEquals(Assert.java:629)
at org.testng.Assert.assertEquals(Assert.java:639)
at testpack.CrossBrowserVerifySignUpPage.verifyLoginPage(CrossBrowserVerifySignUpPage.java:130)
at java.base/jdk.internal.reflect.DirectMethodHandleAccessor.invoke(DirectMethodHandleAccessor.java:104)
at java.base/java.lang.reflect.Method.invoke(Method.java:577)
at org.testng.internal.MethodInvocationHelper.invokeMethod(MethodInvocationHelper.java:133)
at org.testng.internal.TestInvoker.invokeMethod(TestInvoker.java:598)
at org.testng.internal.TestInvoker.invokeTestMethod(TestInvoker.java:173)
at org.testng.internal.MethodRunner.runInSequence(MethodRunner.java:46)
at org.testng.internal.TestInvoker$MethodInvocationAgent.invoke(TestInvoker.java:824)
at org.testng.internal.TestInvoker.invokeTestMethods(TestInvoker.java:146)
at org.testng.internal.TestMethodWorker.invokeTestMethods(TestMethodWorker.java:146)
at org.testng.internal.TestMethodWorker.run(TestMethodWorker.java:128)
at java.base/java.util.ArrayList.forEach(ArrayList.java:1511)
at org.testng.TestRunner.privateRun(TestRunner.java:794)
at org.testng.TestRunner.run(TestRunner.java:596)
at org.testng.SuiteRunner.runTest(SuiteRunner.java:377)
at org.testng.SuiteRunner.runSequentially(SuiteRunner.java:371)
at org.testng.SuiteRunner.privateRun(SuiteRunner.java:332)
at org.testng.SuiteRunner.run(SuiteRunner.java:276)
at org.testng.SuiteRunnerWorker.runSuite(SuiteRunnerWorker.java:53)
at org.testng.SuiteRunnerWorker.run(SuiteRunnerWorker.java:96)
at org.testng.TestNG.runSuitesSequentially(TestNG.java:1212)
at org.testng.TestNG.runSuitesLocally(TestNG.java:1134)
at org.testng.TestNG.runSuites(TestNG.java:1063)
at org.testng.TestNG.run(TestNG.java:1031)
at org.testng.remote.AbstractRemoteTestNG.run(AbstractRemoteTestNG.java:115)
at org.testng.remote.RemoteTestNG.initAndRun(RemoteTestNG.java:251)
at org.testng.remote.RemoteTestNG.main(RemoteTestNG.java:77)
]]>
            </full-stacktrace>
          </exception> <!-- java.lang.AssertionError -->
          <reporter-output>
          </reporter-output>
        </test-method> <!-- verifyLoginPage -->
        <test-method is-config="true" signature="aftermethod(org.testng.ITestResult)[pri:0, instance:testpack.CrossBrowserVerifySignUpPage@6c80d78a]" started-at="2023-03-18T19:03:38 IST" name="aftermethod" finished-at="2023-03-18T19:03:38 IST" duration-ms="102" status="PASS">
          <params>
            <param index="0">
              <value>
                <![CDATA[[TestResult name=verifyLoginPage status=FAILURE method=CrossBrowserVerifySignUpPage.verifyLoginPage()[pri:1, instance:testpack.CrossBrowserVerifySignUpPage@6c80d78a] output={null}]]]>
              </value>
            </param>
          </params>
          <reporter-output>
          </reporter-output>
        </test-method> <!-- aftermethod -->
        <test-method is-config="true" signature="clearPomObject()[pri:0, instance:testpack.CrossBrowserVerifySignUpPage@6c80d78a]" started-at="2023-03-18T19:03:38 IST" name="clearPomObject" finished-at="2023-03-18T19:03:38 IST" duration-ms="0" status="PASS">
          <reporter-output>
          </reporter-output>
        </test-method> <!-- clearPomObject -->
        <test-method is-config="true" signature="closeBrowser()[pri:0, instance:testpack.CrossBrowserVerifySignUpPage@6c80d78a]" started-at="2023-03-18T19:03:38 IST" name="closeBrowser" finished-at="2023-03-18T19:03:39 IST" duration-ms="260" status="PASS">
          <reporter-output>
          </reporter-output>
        </test-method> <!-- closeBrowser -->
      </class> <!-- testpack.CrossBrowserVerifySignUpPage -->
    </test> <!-- EdgeTest -->
  </suite> <!-- RegressionSuite -->
</testng-results>
